Removed Pin From Net: NetName=GND Pin=C2-1
Removed Pin From Net: NetName=GND Pin=C6-1
Removed Pin From Net: NetName=+24V Pin=C6-2
Removed Pin From Net: NetName=GND Pin=C9-1
Removed Pin From Net: NetName=+24V Pin=D2-A
Removed Pin From Net: NetName=+24V Pin=D3-A
Removed Pin From Net: NetName=+24V Pin=D4-A
Removed Pin From Net: NetName=CS-SD Pin=P2-1
Removed Pin From Net: NetName=CLK-SD Pin=P2-2
Removed Pin From Net: NetName=MOSI-SD Pin=P2-3
Removed Pin From Net: NetName=MISO-SD Pin=P2-4
Removed Pin From Net: NetName=+3V3 Pin=P2-5
Removed Pin From Net: NetName=GND Pin=P2-6
Removed Pin From Net: NetName=+5V Pin=P11-1
Removed Pin From Net: NetName=GND Pin=P11-2
Removed Pin From Net: NetName=GND Pin=P11-6
Removed Pin From Net: NetName=AD620_1_OUT Pin=P11-7
Removed Pin From Net: NetName=GND Pin=P11-8
Removed Pin From Net: NetName=+5V Pin=P12-1
Removed Pin From Net: NetName=GND Pin=P12-2
Removed Pin From Net: NetName=GND Pin=P12-6
Removed Pin From Net: NetName=AD620_2_OUT Pin=P12-7
Removed Pin From Net: NetName=GND Pin=P12-8
Removed Pin From Net: NetName=+24V Pin=Q1-2
Removed Pin From Net: NetName=+24V Pin=Q2-2
Removed Pin From Net: NetName=+24V Pin=Q3-2
Removed Pin From Net: NetName=GND Pin=R2-1
Removed Pin From Net: NetName=GND Pin=R3-1
Removed Pin From Net: NetName=GND Pin=R4-1
Removed Pin From Net: NetName=GND Pin=R5-2
Removed Pin From Net: NetName=GND Pin=R9-1
Removed Pin From Net: NetName=+24V Pin=R13-1
Removed Pin From Net: NetName=U_SENCE Pin=R25-2
Removed Pin From Net: NetName=U_SENCE Pin=R26-1
Removed Pin From Net: NetName=GND Pin=R26-2
Removed Pin From Net: NetName=V_SENCE Pin=R29-2
Removed Pin From Net: NetName=V_SENCE Pin=R30-1
Removed Pin From Net: NetName=GND Pin=R30-2
Removed Pin From Net: NetName=W_SENCE Pin=R31-2
Removed Pin From Net: NetName=W_SENCE Pin=R32-1
Removed Pin From Net: NetName=GND Pin=R32-2
Removed Pin From Net: NetName=+24V Pin=U1-1
Removed Pin From Net: NetName=HIN_1 Pin=U1-2
Removed Pin From Net: NetName=HIN_2 Pin=U1-3
Removed Pin From Net: NetName=HIN_3 Pin=U1-4
Removed Pin From Net: NetName=LIN_1 Pin=U1-5
Removed Pin From Net: NetName=LIN_2 Pin=U1-6
Removed Pin From Net: NetName=LIN_3 Pin=U1-7
Removed Pin From Net: NetName=FAULT Pin=U1-8
Removed Pin From Net: NetName=EN_Driver Pin=U1-10
Removed Pin From Net: NetName=GND Pin=U1-12
Removed Member From Class: ClassName=JET ECU ver_2.1 Member=C2
Removed Member From Class: ClassName=JET ECU ver_2.1 Member=C5
Removed Member From Class: ClassName=JET ECU ver_2.1 Member=C6
Removed Member From Class: ClassName=JET ECU ver_2.1 Member=C8
Removed Member From Class: ClassName=JET ECU ver_2.1 Member=C9
Removed Member From Class: ClassName=JET ECU ver_2.1 Member=C10
Removed Member From Class: ClassName=JET ECU ver_2.1 Member=D2
Removed Member From Class: ClassName=JET ECU ver_2.1 Member=D3
Removed Member From Class: ClassName=JET ECU ver_2.1 Member=D4
Removed Member From Class: ClassName=JET ECU ver_2.1 Member=P2
Removed Member From Class: ClassName=JET ECU ver_2.1 Member=P11
Removed Member From Class: ClassName=JET ECU ver_2.1 Member=P12
Removed Member From Class: ClassName=JET ECU ver_2.1 Member=Q1
Removed Member From Class: ClassName=JET ECU ver_2.1 Member=Q2
Removed Member From Class: ClassName=JET ECU ver_2.1 Member=Q3
Removed Member From Class: ClassName=JET ECU ver_2.1 Member=Q4
Removed Member From Class: ClassName=JET ECU ver_2.1 Member=Q5
Removed Member From Class: ClassName=JET ECU ver_2.1 Member=Q6
Removed Member From Class: ClassName=JET ECU ver_2.1 Member=R1
Removed Member From Class: ClassName=JET ECU ver_2.1 Member=R2
Removed Member From Class: ClassName=JET ECU ver_2.1 Member=R3
Removed Member From Class: ClassName=JET ECU ver_2.1 Member=R4
Removed Member From Class: ClassName=JET ECU ver_2.1 Member=R5
Removed Member From Class: ClassName=JET ECU ver_2.1 Member=R6
Removed Member From Class: ClassName=JET ECU ver_2.1 Member=R7
Removed Member From Class: ClassName=JET ECU ver_2.1 Member=R8
Removed Member From Class: ClassName=JET ECU ver_2.1 Member=R9
Removed Member From Class: ClassName=JET ECU ver_2.1 Member=R10
Removed Member From Class: ClassName=JET ECU ver_2.1 Member=R11
Removed Member From Class: ClassName=JET ECU ver_2.1 Member=R12
Removed Member From Class: ClassName=JET ECU ver_2.1 Member=R13
Removed Member From Class: ClassName=JET ECU ver_2.1 Member=R25
Removed Member From Class: ClassName=JET ECU ver_2.1 Member=R26
Removed Member From Class: ClassName=JET ECU ver_2.1 Member=R27
Removed Member From Class: ClassName=JET ECU ver_2.1 Member=R28
Removed Member From Class: ClassName=JET ECU ver_2.1 Member=R29
Removed Member From Class: ClassName=JET ECU ver_2.1 Member=R30
Removed Member From Class: ClassName=JET ECU ver_2.1 Member=R31
Removed Member From Class: ClassName=JET ECU ver_2.1 Member=R32
Removed Member From Class: ClassName=JET ECU ver_2.1 Member=U1
Removed Member From Class: ClassName=JET ECU ver_2.1 Member=U
Removed Member From Class: ClassName=JET ECU ver_2.1 Member=V
Removed Member From Class: ClassName=JET ECU ver_2.1 Member=W
Added Member To Class: ClassName=JET ECU ver_2.1 Member=Component P3 VR-SENSOR
