Removed Pin From Net: NetName=+24V Pin=P5-1
Removed Pin From Net: NetName=GND Pin=P5-2
Removed Pin From Net: NetName=ESC_PWM Pin=P5-3
Removed Pin From Net: NetName=+5V Pin=P5-4
Removed Pin From Net: NetName=+3V3 Pin=U6-3.3V
Removed Pin From Net: NetName=+3V3 Pin=U6-3.3V
Removed Pin From Net: NetName=+3V3 Pin=U6-3.3V
Removed Pin From Net: NetName=+5V Pin=U6-5V
Removed Pin From Net: NetName=+5V Pin=U6-5V
Removed Pin From Net: NetName=GND Pin=U6-GND
Removed Pin From Net: NetName=GND Pin=U6-GND
Removed Pin From Net: NetName=GND Pin=U6-GND
Removed Pin From Net: NetName=GND Pin=U6-GND
Removed Pin From Net: NetName=GND Pin=U6-GND
Removed Pin From Net: NetName=GND Pin=U6-GND
Removed Pin From Net: NetName=GND Pin=U6-GND
Removed Member From Class: ClassName=JET ECU ver_2.1 Member=P5
Added Component: Designator=J?(AMASS_XT60PW-M)
Add component (AddParameter): Name = "Availability"; Value = "Not in stock"; VariantName = "[No Variations]"
Add component (AddParameter): Name = "Check_prices"; Value = "https://www.snapeda.com/parts/XT60PW-M/AMASS/view-part/?ref=eda"; VariantName = "[No Variations]"
Add component (AddParameter): Name = "MF"; Value = "AMASS"; VariantName = "[No Variations]"
Add component (AddParameter): Name = "MP"; Value = "XT60PW-M"; VariantName = "[No Variations]"
Add component (AddParameter): Name = "Package"; Value = "Package"; VariantName = "[No Variations]"
Add component (AddParameter): Name = "Price"; Value = "None"; VariantName = "[No Variations]"
Add component (AddParameter): Name = "SnapEDA_Link"; Value = "https://www.snapeda.com/parts/XT60PW-M/AMASS/view-part/?ref=snap"; VariantName = "[No Variations]"
Add component (AddParameter): Name = "Value"; Value = ""; VariantName = "[No Variations]"
Added Component: Designator=J?(AMASS_XT60PW-M)
Add component (AddParameter): Name = "Availability"; Value = "Not in stock"; VariantName = "[No Variations]"
Add component (AddParameter): Name = "Check_prices"; Value = "https://www.snapeda.com/parts/XT60PW-M/AMASS/view-part/?ref=eda"; VariantName = "[No Variations]"
Add component (AddParameter): Name = "MF"; Value = "AMASS"; VariantName = "[No Variations]"
Add component (AddParameter): Name = "MP"; Value = "XT60PW-M"; VariantName = "[No Variations]"
Add component (AddParameter): Name = "Package"; Value = "Package"; VariantName = "[No Variations]"
Add component (AddParameter): Name = "Price"; Value = "None"; VariantName = "[No Variations]"
Add component (AddParameter): Name = "SnapEDA_Link"; Value = "https://www.snapeda.com/parts/XT60PW-M/AMASS/view-part/?ref=snap"; VariantName = "[No Variations]"
Add component (AddParameter): Name = "Value"; Value = ""; VariantName = "[No Variations]"
Added Component: Designator=J?(AMASS_XT60PW-M)
Add component (AddParameter): Name = "Availability"; Value = "Not in stock"; VariantName = "[No Variations]"
Add component (AddParameter): Name = "Check_prices"; Value = "https://www.snapeda.com/parts/XT60PW-M/AMASS/view-part/?ref=eda"; VariantName = "[No Variations]"
Add component (AddParameter): Name = "MF"; Value = "AMASS"; VariantName = "[No Variations]"
Add component (AddParameter): Name = "MP"; Value = "XT60PW-M"; VariantName = "[No Variations]"
Add component (AddParameter): Name = "Package"; Value = "Package"; VariantName = "[No Variations]"
Add component (AddParameter): Name = "Price"; Value = "None"; VariantName = "[No Variations]"
Add component (AddParameter): Name = "SnapEDA_Link"; Value = "https://www.snapeda.com/parts/XT60PW-M/AMASS/view-part/?ref=snap"; VariantName = "[No Variations]"
Add component (AddParameter): Name = "Value"; Value = ""; VariantName = "[No Variations]"
Added Component: Designator=J?(AMASS_XT60PW-M)
Add component (AddParameter): Name = "Availability"; Value = "Not in stock"; VariantName = "[No Variations]"
Add component (AddParameter): Name = "Check_prices"; Value = "https://www.snapeda.com/parts/XT60PW-M/AMASS/view-part/?ref=eda"; VariantName = "[No Variations]"
Add component (AddParameter): Name = "MF"; Value = "AMASS"; VariantName = "[No Variations]"
Add component (AddParameter): Name = "MP"; Value = "XT60PW-M"; VariantName = "[No Variations]"
Add component (AddParameter): Name = "Package"; Value = "Package"; VariantName = "[No Variations]"
Add component (AddParameter): Name = "Price"; Value = "None"; VariantName = "[No Variations]"
Add component (AddParameter): Name = "SnapEDA_Link"; Value = "https://www.snapeda.com/parts/XT60PW-M/AMASS/view-part/?ref=snap"; VariantName = "[No Variations]"
Add component (AddParameter): Name = "Value"; Value = ""; VariantName = "[No Variations]"
Added Component: Designator=U?(Stm32 BluePill)
Added Pin To Net: NetName=+24V Pin=J?-1
Added Pin To Net: NetName=+24V Pin=J?-1
Added Pin To Net: NetName=+24V Pin=J?-1
Added Pin To Net: NetName=+24V Pin=J?-1
Added Pin To Net: NetName=GND Pin=J?-2
Added Pin To Net: NetName=GND Pin=J?-2
Added Pin To Net: NetName=GND Pin=J?-2
Added Pin To Net: NetName=GND Pin=J?-2
Added Pin To Net: NetName=+5V Pin=U?-18
Added Pin To Net: NetName=GND Pin=U?-19
Added Pin To Net: NetName=+3V3 Pin=U?-20
Added Pin To Net: NetName=+3V3 Pin=U?-38
Added Pin To Net: NetName=GND Pin=U?-39
Added Pin To Net: NetName=GND Pin=U?-40
Added Member To Class: ClassName=JET ECU ver_2.1 Member=Component J? XT60PW-M
Added Member To Class: ClassName=JET ECU ver_2.1 Member=Component J? XT60PW-M
Added Member To Class: ClassName=JET ECU ver_2.1 Member=Component J? XT60PW-M
Added Member To Class: ClassName=JET ECU ver_2.1 Member=Component J? XT60PW-M
Added Member To Class: ClassName=JET ECU ver_2.1 Member=Component U? STM32F103C8T6
